ERROR - 2022-06-20 12:03:11 --> Error connecting to the database: No connection could be made because the target machine actively refused it.

CRITICAL - 2022-06-20 12:03:11 --> Unable to connect to the database.
Main connection [MySQLi]: No connection could be made because the target machine actively refused it.

in SYSTEMPATH\Database\BaseConnection.php on line 415.
 1 SYSTEMPATH\Database\BaseConnection.php(585): CodeIgniter\Database\BaseConnection->initialize()
 2 SYSTEMPATH\Database\BaseBuilder.php(1585): CodeIgniter\Database\BaseConnection->query('SELECT *
FROM `users`
WHERE `email` = :email:
AND `users`.`deleted_at` IS NULL
 LIMIT 1', [...], false)
 3 SYSTEMPATH\Model.php(249): CodeIgniter\Database\BaseBuilder->get()
 4 SYSTEMPATH\BaseModel.php(622): CodeIgniter\Model->doFirst()
 5 VENDORPATH\myth\auth\src\Authentication\LocalAuthenticator.php(156): CodeIgniter\BaseModel->first()
 6 VENDORPATH\myth\auth\src\Authentication\LocalAuthenticator.php(20): Myth\Auth\Authentication\LocalAuthenticator->validate([...], true)
 7 VENDORPATH\myth\auth\src\Controllers\AuthController.php(88): Myth\Auth\Authentication\LocalAuthenticator->attempt([...], false)
 8 SYSTEMPATH\CodeIgniter.php(898): Myth\Auth\Controllers\AuthController->attemptLogin()
 9 SYSTEMPATH\CodeIgniter.php(468): CodeIgniter\CodeIgniter->runController(Object(Myth\Auth\Controllers\AuthController))
10 SYSTEMPATH\CodeIgniter.php(351): CodeIgniter\CodeIgniter->handleRequest(null, Object(Config\Cache), false)
11 FCPATH\index.php(55): CodeIgniter\CodeIgniter->run()
12 SYSTEMPATH\Commands\Server\rewrite.php(43): require_once('FCPATH\\index.php')
ERROR - 2022-06-20 12:03:35 --> MySQL server has gone away
CRITICAL - 2022-06-20 12:03:35 --> MySQL server has gone away
in SYSTEMPATH\Database\MySQLi\Connection.php on line 292.
 1 SYSTEMPATH\Database\MySQLi\Connection.php(292): mysqli->query('SELECT `auth_groups_users`.*, `auth_groups`.`name`, `auth_groups`.`description`
FROM `auth_groups`
LEFT JOIN `auth_groups_users` ON `auth_groups_users`.`group_id` = `auth_groups`.`id`
WHERE `user_id` = 3', 0)
 2 SYSTEMPATH\Database\BaseConnection.php(678): CodeIgniter\Database\MySQLi\Connection->execute('SELECT `auth_groups_users`.*, `auth_groups`.`name`, `auth_groups`.`description`
FROM `auth_groups`
LEFT JOIN `auth_groups_users` ON `auth_groups_users`.`group_id` = `auth_groups`.`id`
WHERE `user_id` = 3')
 3 SYSTEMPATH\Database\BaseConnection.php(606): CodeIgniter\Database\BaseConnection->simpleQuery('SELECT `auth_groups_users`.*, `auth_groups`.`name`, `auth_groups`.`description`
FROM `auth_groups`
LEFT JOIN `auth_groups_users` ON `auth_groups_users`.`group_id` = `auth_groups`.`id`
WHERE `user_id` = 3')
 4 SYSTEMPATH\Database\BaseBuilder.php(1585): CodeIgniter\Database\BaseConnection->query('SELECT `auth_groups_users`.*, `auth_groups`.`name`, `auth_groups`.`description`
FROM `auth_groups`
LEFT JOIN `auth_groups_users` ON `auth_groups_users`.`group_id` = `auth_groups`.`id`
WHERE `user_id` = :user_id:', [...], false)
 5 VENDORPATH\myth\auth\src\Authorization\GroupModel.php(103): CodeIgniter\Database\BaseBuilder->get()
 6 VENDORPATH\myth\auth\src\Collectors\Auth.php(67): Myth\Auth\Authorization\GroupModel->getGroupsForUser(3)
 7 SYSTEMPATH\Debug\Toolbar\Collectors\BaseCollector.php(222): Myth\Auth\Collectors\Auth->display()
 8 SYSTEMPATH\Debug\Toolbar.php(93): CodeIgniter\Debug\Toolbar\Collectors\BaseCollector->getAsArray()
 9 SYSTEMPATH\Debug\Toolbar.php(376): CodeIgniter\Debug\Toolbar->run(1655701413.148384, 0.1911, Object(CodeIgniter\HTTP\IncomingRequest), Object(CodeIgniter\HTTP\RedirectResponse))
10 SYSTEMPATH\Filters\DebugToolbar.php(40): CodeIgniter\Debug\Toolbar->prepare(Object(CodeIgniter\HTTP\IncomingRequest), Object(CodeIgniter\HTTP\RedirectResponse))
11 SYSTEMPATH\Filters\Filters.php(196): CodeIgniter\Filters\DebugToolbar->after(Object(CodeIgniter\HTTP\IncomingRequest), Object(CodeIgniter\HTTP\RedirectResponse), null)
12 SYSTEMPATH\CodeIgniter.php(485): CodeIgniter\Filters\Filters->run('login', 'after')
13 SYSTEMPATH\CodeIgniter.php(351): CodeIgniter\CodeIgniter->handleRequest(null, Object(Config\Cache), false)
14 FCPATH\index.php(55): CodeIgniter\CodeIgniter->run()
15 SYSTEMPATH\Commands\Server\rewrite.php(43): require_once('FCPATH\\index.php')
