ERROR - 2022-06-18 08:39:48 --> Error connecting to the database: No connection could be made because the target machine actively refused it.

CRITICAL - 2022-06-18 08:39:48 --> Unable to connect to the database.
Main connection [MySQLi]: No connection could be made because the target machine actively refused it.

in SYSTEMPATH\Database\BaseConnection.php on line 415.
 1 SYSTEMPATH\Database\BaseConnection.php(585): CodeIgniter\Database\BaseConnection->initialize()
 2 SYSTEMPATH\Database\BaseBuilder.php(1585): CodeIgniter\Database\BaseConnection->query('SELECT *
FROM `users`
WHERE `email` = :email:
AND `users`.`deleted_at` IS NULL
 LIMIT 1', [...], false)
 3 SYSTEMPATH\Model.php(249): CodeIgniter\Database\BaseBuilder->get()
 4 SYSTEMPATH\BaseModel.php(622): CodeIgniter\Model->doFirst()
 5 VENDORPATH\myth\auth\src\Authentication\LocalAuthenticator.php(156): CodeIgniter\BaseModel->first()
 6 VENDORPATH\myth\auth\src\Authentication\LocalAuthenticator.php(20): Myth\Auth\Authentication\LocalAuthenticator->validate([...], true)
 7 VENDORPATH\myth\auth\src\Controllers\AuthController.php(88): Myth\Auth\Authentication\LocalAuthenticator->attempt([...], false)
 8 SYSTEMPATH\CodeIgniter.php(898): Myth\Auth\Controllers\AuthController->attemptLogin()
 9 SYSTEMPATH\CodeIgniter.php(468): CodeIgniter\CodeIgniter->runController(Object(Myth\Auth\Controllers\AuthController))
10 SYSTEMPATH\CodeIgniter.php(351): CodeIgniter\CodeIgniter->handleRequest(null, Object(Config\Cache), false)
11 FCPATH\index.php(55): CodeIgniter\CodeIgniter->run()
12 SYSTEMPATH\Commands\Server\rewrite.php(43): require_once('FCPATH\\index.php')
CRITICAL - 2022-06-18 09:06:11 --> Undefined variable: notifs
in APPPATH\Views\admin\notifcenter.php on line 28.
 1 APPPATH\Views\admin\notifcenter.php(28): CodeIgniter\Debug\Exceptions->errorHandler(8, 'Undefined variable: notifs', 'APPPATH\\Views\\admin\\notifcenter.php', 28, [...])
 2 SYSTEMPATH\View\View.php(213): include('APPPATH\\Views\\admin\\notifcenter.php')
 3 SYSTEMPATH\View\View.php(216): CodeIgniter\View\View->CodeIgniter\View\{closure}()
 4 SYSTEMPATH\Common.php(1135): CodeIgniter\View\View->render('admin/notifcenter', [], true)
 5 APPPATH\Controllers\Admin.php(24): view('admin/notifcenter', [...])
 6 SYSTEMPATH\CodeIgniter.php(898): App\Controllers\Admin->notifCenter()
 7 SYSTEMPATH\CodeIgniter.php(468): CodeIgniter\CodeIgniter->runController(Object(App\Controllers\Admin))
 8 SYSTEMPATH\CodeIgniter.php(351): CodeIgniter\CodeIgniter->handleRequest(null, Object(Config\Cache), false)
 9 FCPATH\index.php(55): CodeIgniter\CodeIgniter->run()
10 SYSTEMPATH\Commands\Server\rewrite.php(43): require_once('FCPATH\\index.php')
CRITICAL - 2022-06-18 11:28:38 --> Constant expression contains invalid operations
in APPPATH\Controllers\Admin.php on line 12.
 1 [internal function]: CodeIgniter\Debug\Exceptions->shutdownHandler()
CRITICAL - 2022-06-18 11:28:49 --> Constant expression contains invalid operations
in APPPATH\Controllers\Admin.php on line 12.
 1 [internal function]: CodeIgniter\Debug\Exceptions->shutdownHandler()
CRITICAL - 2022-06-18 11:31:52 --> Trying to get property 'range' of non-object
in APPPATH\Views\admin\notifcenter.php on line 11.
 1 APPPATH\Views\admin\notifcenter.php(11): CodeIgniter\Debug\Exceptions->errorHandler(8, 'Trying to get property \'range\' of non-object', 'APPPATH\\Views\\admin\\notifcenter.php', 11, [...])
 2 SYSTEMPATH\View\View.php(213): include('APPPATH\\Views\\admin\\notifcenter.php')
 3 SYSTEMPATH\View\View.php(216): CodeIgniter\View\View->CodeIgniter\View\{closure}()
 4 SYSTEMPATH\Common.php(1135): CodeIgniter\View\View->render('admin/notifcenter', [], true)
 5 APPPATH\Controllers\Admin.php(32): view('admin/notifcenter', [...])
 6 SYSTEMPATH\CodeIgniter.php(898): App\Controllers\Admin->notifCenter()
 7 SYSTEMPATH\CodeIgniter.php(468): CodeIgniter\CodeIgniter->runController(Object(App\Controllers\Admin))
 8 SYSTEMPATH\CodeIgniter.php(351): CodeIgniter\CodeIgniter->handleRequest(null, Object(Config\Cache), false)
 9 FCPATH\index.php(55): CodeIgniter\CodeIgniter->run()
10 SYSTEMPATH\Commands\Server\rewrite.php(43): require_once('FCPATH\\index.php')
CRITICAL - 2022-06-18 11:32:39 --> Undefined index: range
in APPPATH\Views\admin\notifcenter.php on line 11.
 1 APPPATH\Views\admin\notifcenter.php(11): CodeIgniter\Debug\Exceptions->errorHandler(8, 'Undefined index: range', 'APPPATH\\Views\\admin\\notifcenter.php', 11, [...])
 2 SYSTEMPATH\View\View.php(213): include('APPPATH\\Views\\admin\\notifcenter.php')
 3 SYSTEMPATH\View\View.php(216): CodeIgniter\View\View->CodeIgniter\View\{closure}()
 4 SYSTEMPATH\Common.php(1135): CodeIgniter\View\View->render('admin/notifcenter', [], true)
 5 APPPATH\Controllers\Admin.php(32): view('admin/notifcenter', [...])
 6 SYSTEMPATH\CodeIgniter.php(898): App\Controllers\Admin->notifCenter()
 7 SYSTEMPATH\CodeIgniter.php(468): CodeIgniter\CodeIgniter->runController(Object(App\Controllers\Admin))
 8 SYSTEMPATH\CodeIgniter.php(351): CodeIgniter\CodeIgniter->handleRequest(null, Object(Config\Cache), false)
 9 FCPATH\index.php(55): CodeIgniter\CodeIgniter->run()
10 SYSTEMPATH\Commands\Server\rewrite.php(43): require_once('FCPATH\\index.php')
CRITICAL - 2022-06-18 11:34:17 --> Undefined index: range
in APPPATH\Views\admin\notifcenter.php on line 10.
 1 APPPATH\Views\admin\notifcenter.php(10): CodeIgniter\Debug\Exceptions->errorHandler(8, 'Undefined index: range', 'APPPATH\\Views\\admin\\notifcenter.php', 10, [...])
 2 SYSTEMPATH\View\View.php(213): include('APPPATH\\Views\\admin\\notifcenter.php')
 3 SYSTEMPATH\View\View.php(216): CodeIgniter\View\View->CodeIgniter\View\{closure}()
 4 SYSTEMPATH\Common.php(1135): CodeIgniter\View\View->render('admin/notifcenter', [], true)
 5 APPPATH\Controllers\Admin.php(32): view('admin/notifcenter', [...])
 6 SYSTEMPATH\CodeIgniter.php(898): App\Controllers\Admin->notifCenter()
 7 SYSTEMPATH\CodeIgniter.php(468): CodeIgniter\CodeIgniter->runController(Object(App\Controllers\Admin))
 8 SYSTEMPATH\CodeIgniter.php(351): CodeIgniter\CodeIgniter->handleRequest(null, Object(Config\Cache), false)
 9 FCPATH\index.php(55): CodeIgniter\CodeIgniter->run()
10 SYSTEMPATH\Commands\Server\rewrite.php(43): require_once('FCPATH\\index.php')
CRITICAL - 2022-06-18 11:34:26 --> Undefined index: range
in APPPATH\Views\admin\notifcenter.php on line 10.
 1 APPPATH\Views\admin\notifcenter.php(10): CodeIgniter\Debug\Exceptions->errorHandler(8, 'Undefined index: range', 'APPPATH\\Views\\admin\\notifcenter.php', 10, [...])
 2 SYSTEMPATH\View\View.php(213): include('APPPATH\\Views\\admin\\notifcenter.php')
 3 SYSTEMPATH\View\View.php(216): CodeIgniter\View\View->CodeIgniter\View\{closure}()
 4 SYSTEMPATH\Common.php(1135): CodeIgniter\View\View->render('admin/notifcenter', [], true)
 5 APPPATH\Controllers\Admin.php(32): view('admin/notifcenter', [...])
 6 SYSTEMPATH\CodeIgniter.php(898): App\Controllers\Admin->notifCenter()
 7 SYSTEMPATH\CodeIgniter.php(468): CodeIgniter\CodeIgniter->runController(Object(App\Controllers\Admin))
 8 SYSTEMPATH\CodeIgniter.php(351): CodeIgniter\CodeIgniter->handleRequest(null, Object(Config\Cache), false)
 9 FCPATH\index.php(55): CodeIgniter\CodeIgniter->run()
10 SYSTEMPATH\Commands\Server\rewrite.php(43): require_once('FCPATH\\index.php')
CRITICAL - 2022-06-18 11:34:43 --> Undefined index: range
in APPPATH\Views\admin\notifcenter.php on line 10.
 1 APPPATH\Views\admin\notifcenter.php(10): CodeIgniter\Debug\Exceptions->errorHandler(8, 'Undefined index: range', 'APPPATH\\Views\\admin\\notifcenter.php', 10, [...])
 2 SYSTEMPATH\View\View.php(213): include('APPPATH\\Views\\admin\\notifcenter.php')
 3 SYSTEMPATH\View\View.php(216): CodeIgniter\View\View->CodeIgniter\View\{closure}()
 4 SYSTEMPATH\Common.php(1135): CodeIgniter\View\View->render('admin/notifcenter', [], true)
 5 APPPATH\Controllers\Admin.php(32): view('admin/notifcenter', [...])
 6 SYSTEMPATH\CodeIgniter.php(898): App\Controllers\Admin->notifCenter()
 7 SYSTEMPATH\CodeIgniter.php(468): CodeIgniter\CodeIgniter->runController(Object(App\Controllers\Admin))
 8 SYSTEMPATH\CodeIgniter.php(351): CodeIgniter\CodeIgniter->handleRequest(null, Object(Config\Cache), false)
 9 FCPATH\index.php(55): CodeIgniter\CodeIgniter->run()
10 SYSTEMPATH\Commands\Server\rewrite.php(43): require_once('FCPATH\\index.php')
CRITICAL - 2022-06-18 11:34:51 --> Undefined index: range
in APPPATH\Views\admin\notifcenter.php on line 10.
 1 APPPATH\Views\admin\notifcenter.php(10): CodeIgniter\Debug\Exceptions->errorHandler(8, 'Undefined index: range', 'APPPATH\\Views\\admin\\notifcenter.php', 10, [...])
 2 SYSTEMPATH\View\View.php(213): include('APPPATH\\Views\\admin\\notifcenter.php')
 3 SYSTEMPATH\View\View.php(216): CodeIgniter\View\View->CodeIgniter\View\{closure}()
 4 SYSTEMPATH\Common.php(1135): CodeIgniter\View\View->render('admin/notifcenter', [], true)
 5 APPPATH\Controllers\Admin.php(32): view('admin/notifcenter', [...])
 6 SYSTEMPATH\CodeIgniter.php(898): App\Controllers\Admin->notifCenter()
 7 SYSTEMPATH\CodeIgniter.php(468): CodeIgniter\CodeIgniter->runController(Object(App\Controllers\Admin))
 8 SYSTEMPATH\CodeIgniter.php(351): CodeIgniter\CodeIgniter->handleRequest(null, Object(Config\Cache), false)
 9 FCPATH\index.php(55): CodeIgniter\CodeIgniter->run()
10 SYSTEMPATH\Commands\Server\rewrite.php(43): require_once('FCPATH\\index.php')
CRITICAL - 2022-06-18 11:34:52 --> Undefined index: range
in APPPATH\Views\admin\notifcenter.php on line 10.
 1 APPPATH\Views\admin\notifcenter.php(10): CodeIgniter\Debug\Exceptions->errorHandler(8, 'Undefined index: range', 'APPPATH\\Views\\admin\\notifcenter.php', 10, [...])
 2 SYSTEMPATH\View\View.php(213): include('APPPATH\\Views\\admin\\notifcenter.php')
 3 SYSTEMPATH\View\View.php(216): CodeIgniter\View\View->CodeIgniter\View\{closure}()
 4 SYSTEMPATH\Common.php(1135): CodeIgniter\View\View->render('admin/notifcenter', [], true)
 5 APPPATH\Controllers\Admin.php(32): view('admin/notifcenter', [...])
 6 SYSTEMPATH\CodeIgniter.php(898): App\Controllers\Admin->notifCenter()
 7 SYSTEMPATH\CodeIgniter.php(468): CodeIgniter\CodeIgniter->runController(Object(App\Controllers\Admin))
 8 SYSTEMPATH\CodeIgniter.php(351): CodeIgniter\CodeIgniter->handleRequest(null, Object(Config\Cache), false)
 9 FCPATH\index.php(55): CodeIgniter\CodeIgniter->run()
10 SYSTEMPATH\Commands\Server\rewrite.php(43): require_once('FCPATH\\index.php')
CRITICAL - 2022-06-18 11:34:52 --> Undefined index: range
in APPPATH\Views\admin\notifcenter.php on line 10.
 1 APPPATH\Views\admin\notifcenter.php(10): CodeIgniter\Debug\Exceptions->errorHandler(8, 'Undefined index: range', 'APPPATH\\Views\\admin\\notifcenter.php', 10, [...])
 2 SYSTEMPATH\View\View.php(213): include('APPPATH\\Views\\admin\\notifcenter.php')
 3 SYSTEMPATH\View\View.php(216): CodeIgniter\View\View->CodeIgniter\View\{closure}()
 4 SYSTEMPATH\Common.php(1135): CodeIgniter\View\View->render('admin/notifcenter', [], true)
 5 APPPATH\Controllers\Admin.php(32): view('admin/notifcenter', [...])
 6 SYSTEMPATH\CodeIgniter.php(898): App\Controllers\Admin->notifCenter()
 7 SYSTEMPATH\CodeIgniter.php(468): CodeIgniter\CodeIgniter->runController(Object(App\Controllers\Admin))
 8 SYSTEMPATH\CodeIgniter.php(351): CodeIgniter\CodeIgniter->handleRequest(null, Object(Config\Cache), false)
 9 FCPATH\index.php(55): CodeIgniter\CodeIgniter->run()
10 SYSTEMPATH\Commands\Server\rewrite.php(43): require_once('FCPATH\\index.php')
CRITICAL - 2022-06-18 11:34:52 --> Undefined index: range
in APPPATH\Views\admin\notifcenter.php on line 10.
 1 APPPATH\Views\admin\notifcenter.php(10): CodeIgniter\Debug\Exceptions->errorHandler(8, 'Undefined index: range', 'APPPATH\\Views\\admin\\notifcenter.php', 10, [...])
 2 SYSTEMPATH\View\View.php(213): include('APPPATH\\Views\\admin\\notifcenter.php')
 3 SYSTEMPATH\View\View.php(216): CodeIgniter\View\View->CodeIgniter\View\{closure}()
 4 SYSTEMPATH\Common.php(1135): CodeIgniter\View\View->render('admin/notifcenter', [], true)
 5 APPPATH\Controllers\Admin.php(32): view('admin/notifcenter', [...])
 6 SYSTEMPATH\CodeIgniter.php(898): App\Controllers\Admin->notifCenter()
 7 SYSTEMPATH\CodeIgniter.php(468): CodeIgniter\CodeIgniter->runController(Object(App\Controllers\Admin))
 8 SYSTEMPATH\CodeIgniter.php(351): CodeIgniter\CodeIgniter->handleRequest(null, Object(Config\Cache), false)
 9 FCPATH\index.php(55): CodeIgniter\CodeIgniter->run()
10 SYSTEMPATH\Commands\Server\rewrite.php(43): require_once('FCPATH\\index.php')
CRITICAL - 2022-06-18 11:34:52 --> Undefined index: range
in APPPATH\Views\admin\notifcenter.php on line 10.
 1 APPPATH\Views\admin\notifcenter.php(10): CodeIgniter\Debug\Exceptions->errorHandler(8, 'Undefined index: range', 'APPPATH\\Views\\admin\\notifcenter.php', 10, [...])
 2 SYSTEMPATH\View\View.php(213): include('APPPATH\\Views\\admin\\notifcenter.php')
 3 SYSTEMPATH\View\View.php(216): CodeIgniter\View\View->CodeIgniter\View\{closure}()
 4 SYSTEMPATH\Common.php(1135): CodeIgniter\View\View->render('admin/notifcenter', [], true)
 5 APPPATH\Controllers\Admin.php(32): view('admin/notifcenter', [...])
 6 SYSTEMPATH\CodeIgniter.php(898): App\Controllers\Admin->notifCenter()
 7 SYSTEMPATH\CodeIgniter.php(468): CodeIgniter\CodeIgniter->runController(Object(App\Controllers\Admin))
 8 SYSTEMPATH\CodeIgniter.php(351): CodeIgniter\CodeIgniter->handleRequest(null, Object(Config\Cache), false)
 9 FCPATH\index.php(55): CodeIgniter\CodeIgniter->run()
10 SYSTEMPATH\Commands\Server\rewrite.php(43): require_once('FCPATH\\index.php')
CRITICAL - 2022-06-18 11:34:52 --> Undefined index: range
in APPPATH\Views\admin\notifcenter.php on line 10.
 1 APPPATH\Views\admin\notifcenter.php(10): CodeIgniter\Debug\Exceptions->errorHandler(8, 'Undefined index: range', 'APPPATH\\Views\\admin\\notifcenter.php', 10, [...])
 2 SYSTEMPATH\View\View.php(213): include('APPPATH\\Views\\admin\\notifcenter.php')
 3 SYSTEMPATH\View\View.php(216): CodeIgniter\View\View->CodeIgniter\View\{closure}()
 4 SYSTEMPATH\Common.php(1135): CodeIgniter\View\View->render('admin/notifcenter', [], true)
 5 APPPATH\Controllers\Admin.php(32): view('admin/notifcenter', [...])
 6 SYSTEMPATH\CodeIgniter.php(898): App\Controllers\Admin->notifCenter()
 7 SYSTEMPATH\CodeIgniter.php(468): CodeIgniter\CodeIgniter->runController(Object(App\Controllers\Admin))
 8 SYSTEMPATH\CodeIgniter.php(351): CodeIgniter\CodeIgniter->handleRequest(null, Object(Config\Cache), false)
 9 FCPATH\index.php(55): CodeIgniter\CodeIgniter->run()
10 SYSTEMPATH\Commands\Server\rewrite.php(43): require_once('FCPATH\\index.php')
CRITICAL - 2022-06-18 11:53:21 --> Undefined variable: notifs
in APPPATH\Views\admin\notiflist.php on line 13.
 1 APPPATH\Views\admin\notiflist.php(13): CodeIgniter\Debug\Exceptions->errorHandler(8, 'Undefined variable: notifs', 'APPPATH\\Views\\admin\\notiflist.php', 13, [...])
 2 SYSTEMPATH\View\View.php(213): include('APPPATH\\Views\\admin\\notiflist.php')
 3 SYSTEMPATH\View\View.php(216): CodeIgniter\View\View->CodeIgniter\View\{closure}()
 4 SYSTEMPATH\Common.php(1135): CodeIgniter\View\View->render('admin/notiflist', [], true)
 5 APPPATH\Controllers\Admin.php(37): view('admin/notiflist')
 6 SYSTEMPATH\CodeIgniter.php(898): App\Controllers\Admin->getNotif('list')
 7 SYSTEMPATH\CodeIgniter.php(468): CodeIgniter\CodeIgniter->runController(Object(App\Controllers\Admin))
 8 SYSTEMPATH\CodeIgniter.php(351): CodeIgniter\CodeIgniter->handleRequest(null, Object(Config\Cache), false)
 9 FCPATH\index.php(55): CodeIgniter\CodeIgniter->run()
10 SYSTEMPATH\Commands\Server\rewrite.php(43): require_once('FCPATH\\index.php')
CRITICAL - 2022-06-18 11:53:22 --> Undefined variable: notifs
in APPPATH\Views\admin\notiflist.php on line 13.
 1 APPPATH\Views\admin\notiflist.php(13): CodeIgniter\Debug\Exceptions->errorHandler(8, 'Undefined variable: notifs', 'APPPATH\\Views\\admin\\notiflist.php', 13, [...])
 2 SYSTEMPATH\View\View.php(213): include('APPPATH\\Views\\admin\\notiflist.php')
 3 SYSTEMPATH\View\View.php(216): CodeIgniter\View\View->CodeIgniter\View\{closure}()
 4 SYSTEMPATH\Common.php(1135): CodeIgniter\View\View->render('admin/notiflist', [], true)
 5 APPPATH\Controllers\Admin.php(37): view('admin/notiflist')
 6 SYSTEMPATH\CodeIgniter.php(898): App\Controllers\Admin->getNotif('list')
 7 SYSTEMPATH\CodeIgniter.php(468): CodeIgniter\CodeIgniter->runController(Object(App\Controllers\Admin))
 8 SYSTEMPATH\CodeIgniter.php(351): CodeIgniter\CodeIgniter->handleRequest(null, Object(Config\Cache), false)
 9 FCPATH\index.php(55): CodeIgniter\CodeIgniter->run()
10 SYSTEMPATH\Commands\Server\rewrite.php(43): require_once('FCPATH\\index.php')
CRITICAL - 2022-06-18 11:53:24 --> Undefined variable: notifs
in APPPATH\Views\admin\notiflist.php on line 13.
 1 APPPATH\Views\admin\notiflist.php(13): CodeIgniter\Debug\Exceptions->errorHandler(8, 'Undefined variable: notifs', 'APPPATH\\Views\\admin\\notiflist.php', 13, [...])
 2 SYSTEMPATH\View\View.php(213): include('APPPATH\\Views\\admin\\notiflist.php')
 3 SYSTEMPATH\View\View.php(216): CodeIgniter\View\View->CodeIgniter\View\{closure}()
 4 SYSTEMPATH\Common.php(1135): CodeIgniter\View\View->render('admin/notiflist', [], true)
 5 APPPATH\Controllers\Admin.php(37): view('admin/notiflist')
 6 SYSTEMPATH\CodeIgniter.php(898): App\Controllers\Admin->getNotif('list')
 7 SYSTEMPATH\CodeIgniter.php(468): CodeIgniter\CodeIgniter->runController(Object(App\Controllers\Admin))
 8 SYSTEMPATH\CodeIgniter.php(351): CodeIgniter\CodeIgniter->handleRequest(null, Object(Config\Cache), false)
 9 FCPATH\index.php(55): CodeIgniter\CodeIgniter->run()
10 SYSTEMPATH\Commands\Server\rewrite.php(43): require_once('FCPATH\\index.php')
CRITICAL - 2022-06-18 11:54:24 --> Undefined variable: notifs
in APPPATH\Views\admin\notiflist.php on line 13.
 1 APPPATH\Views\admin\notiflist.php(13): CodeIgniter\Debug\Exceptions->errorHandler(8, 'Undefined variable: notifs', 'APPPATH\\Views\\admin\\notiflist.php', 13, [...])
 2 SYSTEMPATH\View\View.php(213): include('APPPATH\\Views\\admin\\notiflist.php')
 3 SYSTEMPATH\View\View.php(216): CodeIgniter\View\View->CodeIgniter\View\{closure}()
 4 SYSTEMPATH\Common.php(1135): CodeIgniter\View\View->render('admin/notiflist', [], true)
 5 APPPATH\Controllers\Admin.php(37): view('admin/notiflist')
 6 SYSTEMPATH\CodeIgniter.php(898): App\Controllers\Admin->getNotif('1')
 7 SYSTEMPATH\CodeIgniter.php(468): CodeIgniter\CodeIgniter->runController(Object(App\Controllers\Admin))
 8 SYSTEMPATH\CodeIgniter.php(351): CodeIgniter\CodeIgniter->handleRequest(null, Object(Config\Cache), false)
 9 FCPATH\index.php(55): CodeIgniter\CodeIgniter->run()
10 SYSTEMPATH\Commands\Server\rewrite.php(43): require_once('FCPATH\\index.php')
CRITICAL - 2022-06-18 16:46:33 --> Undefined variable: notifs
in APPPATH\Views\admin\notiflist.php on line 13.
 1 APPPATH\Views\admin\notiflist.php(13): CodeIgniter\Debug\Exceptions->errorHandler(8, 'Undefined variable: notifs', 'APPPATH\\Views\\admin\\notiflist.php', 13, [...])
 2 SYSTEMPATH\View\View.php(213): include('APPPATH\\Views\\admin\\notiflist.php')
 3 SYSTEMPATH\View\View.php(216): CodeIgniter\View\View->CodeIgniter\View\{closure}()
 4 SYSTEMPATH\Common.php(1135): CodeIgniter\View\View->render('admin/notiflist', [], true)
 5 APPPATH\Controllers\Admin.php(37): view('admin/notiflist')
 6 SYSTEMPATH\CodeIgniter.php(898): App\Controllers\Admin->getNotif('ALL')
 7 SYSTEMPATH\CodeIgniter.php(468): CodeIgniter\CodeIgniter->runController(Object(App\Controllers\Admin))
 8 SYSTEMPATH\CodeIgniter.php(351): CodeIgniter\CodeIgniter->handleRequest(null, Object(Config\Cache), false)
 9 FCPATH\index.php(55): CodeIgniter\CodeIgniter->run()
10 SYSTEMPATH\Commands\Server\rewrite.php(43): require_once('FCPATH\\index.php')
CRITICAL - 2022-06-18 16:49:30 --> Undefined variable: time
in APPPATH\Views\admin\notiflist.php on line 56.
 1 APPPATH\Views\admin\notiflist.php(56): CodeIgniter\Debug\Exceptions->errorHandler(8, 'Undefined variable: time', 'APPPATH\\Views\\admin\\notiflist.php', 56, [...])
 2 SYSTEMPATH\View\View.php(213): include('APPPATH\\Views\\admin\\notiflist.php')
 3 SYSTEMPATH\View\View.php(216): CodeIgniter\View\View->CodeIgniter\View\{closure}()
 4 SYSTEMPATH\Common.php(1135): CodeIgniter\View\View->render('admin/notiflist', [], true)
 5 APPPATH\Controllers\Admin.php(42): view('admin/notiflist', [...])
 6 SYSTEMPATH\CodeIgniter.php(898): App\Controllers\Admin->getNotif('ALL')
 7 SYSTEMPATH\CodeIgniter.php(468): CodeIgniter\CodeIgniter->runController(Object(App\Controllers\Admin))
 8 SYSTEMPATH\CodeIgniter.php(351): CodeIgniter\CodeIgniter->handleRequest(null, Object(Config\Cache), false)
 9 FCPATH\index.php(55): CodeIgniter\CodeIgniter->run()
10 SYSTEMPATH\Commands\Server\rewrite.php(43): require_once('FCPATH\\index.php')
CRITICAL - 2022-06-18 16:49:31 --> Undefined variable: time
in APPPATH\Views\admin\notiflist.php on line 56.
 1 APPPATH\Views\admin\notiflist.php(56): CodeIgniter\Debug\Exceptions->errorHandler(8, 'Undefined variable: time', 'APPPATH\\Views\\admin\\notiflist.php', 56, [...])
 2 SYSTEMPATH\View\View.php(213): include('APPPATH\\Views\\admin\\notiflist.php')
 3 SYSTEMPATH\View\View.php(216): CodeIgniter\View\View->CodeIgniter\View\{closure}()
 4 SYSTEMPATH\Common.php(1135): CodeIgniter\View\View->render('admin/notiflist', [], true)
 5 APPPATH\Controllers\Admin.php(42): view('admin/notiflist', [...])
 6 SYSTEMPATH\CodeIgniter.php(898): App\Controllers\Admin->getNotif('ALL')
 7 SYSTEMPATH\CodeIgniter.php(468): CodeIgniter\CodeIgniter->runController(Object(App\Controllers\Admin))
 8 SYSTEMPATH\CodeIgniter.php(351): CodeIgniter\CodeIgniter->handleRequest(null, Object(Config\Cache), false)
 9 FCPATH\index.php(55): CodeIgniter\CodeIgniter->run()
10 SYSTEMPATH\Commands\Server\rewrite.php(43): require_once('FCPATH\\index.php')
CRITICAL - 2022-06-18 16:49:31 --> Undefined variable: time
in APPPATH\Views\admin\notiflist.php on line 56.
 1 APPPATH\Views\admin\notiflist.php(56): CodeIgniter\Debug\Exceptions->errorHandler(8, 'Undefined variable: time', 'APPPATH\\Views\\admin\\notiflist.php', 56, [...])
 2 SYSTEMPATH\View\View.php(213): include('APPPATH\\Views\\admin\\notiflist.php')
 3 SYSTEMPATH\View\View.php(216): CodeIgniter\View\View->CodeIgniter\View\{closure}()
 4 SYSTEMPATH\Common.php(1135): CodeIgniter\View\View->render('admin/notiflist', [], true)
 5 APPPATH\Controllers\Admin.php(42): view('admin/notiflist', [...])
 6 SYSTEMPATH\CodeIgniter.php(898): App\Controllers\Admin->getNotif('ALL')
 7 SYSTEMPATH\CodeIgniter.php(468): CodeIgniter\CodeIgniter->runController(Object(App\Controllers\Admin))
 8 SYSTEMPATH\CodeIgniter.php(351): CodeIgniter\CodeIgniter->handleRequest(null, Object(Config\Cache), false)
 9 FCPATH\index.php(55): CodeIgniter\CodeIgniter->run()
10 SYSTEMPATH\Commands\Server\rewrite.php(43): require_once('FCPATH\\index.php')
CRITICAL - 2022-06-18 16:49:32 --> Undefined variable: time
in APPPATH\Views\admin\notiflist.php on line 56.
 1 APPPATH\Views\admin\notiflist.php(56): CodeIgniter\Debug\Exceptions->errorHandler(8, 'Undefined variable: time', 'APPPATH\\Views\\admin\\notiflist.php', 56, [...])
 2 SYSTEMPATH\View\View.php(213): include('APPPATH\\Views\\admin\\notiflist.php')
 3 SYSTEMPATH\View\View.php(216): CodeIgniter\View\View->CodeIgniter\View\{closure}()
 4 SYSTEMPATH\Common.php(1135): CodeIgniter\View\View->render('admin/notiflist', [], true)
 5 APPPATH\Controllers\Admin.php(42): view('admin/notiflist', [...])
 6 SYSTEMPATH\CodeIgniter.php(898): App\Controllers\Admin->getNotif('ALL')
 7 SYSTEMPATH\CodeIgniter.php(468): CodeIgniter\CodeIgniter->runController(Object(App\Controllers\Admin))
 8 SYSTEMPATH\CodeIgniter.php(351): CodeIgniter\CodeIgniter->handleRequest(null, Object(Config\Cache), false)
 9 FCPATH\index.php(55): CodeIgniter\CodeIgniter->run()
10 SYSTEMPATH\Commands\Server\rewrite.php(43): require_once('FCPATH\\index.php')
CRITICAL - 2022-06-18 16:49:32 --> Undefined variable: time
in APPPATH\Views\admin\notiflist.php on line 56.
 1 APPPATH\Views\admin\notiflist.php(56): CodeIgniter\Debug\Exceptions->errorHandler(8, 'Undefined variable: time', 'APPPATH\\Views\\admin\\notiflist.php', 56, [...])
 2 SYSTEMPATH\View\View.php(213): include('APPPATH\\Views\\admin\\notiflist.php')
 3 SYSTEMPATH\View\View.php(216): CodeIgniter\View\View->CodeIgniter\View\{closure}()
 4 SYSTEMPATH\Common.php(1135): CodeIgniter\View\View->render('admin/notiflist', [], true)
 5 APPPATH\Controllers\Admin.php(42): view('admin/notiflist', [...])
 6 SYSTEMPATH\CodeIgniter.php(898): App\Controllers\Admin->getNotif('ALL')
 7 SYSTEMPATH\CodeIgniter.php(468): CodeIgniter\CodeIgniter->runController(Object(App\Controllers\Admin))
 8 SYSTEMPATH\CodeIgniter.php(351): CodeIgniter\CodeIgniter->handleRequest(null, Object(Config\Cache), false)
 9 FCPATH\index.php(55): CodeIgniter\CodeIgniter->run()
10 SYSTEMPATH\Commands\Server\rewrite.php(43): require_once('FCPATH\\index.php')
CRITICAL - 2022-06-18 16:49:32 --> Undefined variable: time
in APPPATH\Views\admin\notiflist.php on line 56.
 1 APPPATH\Views\admin\notiflist.php(56): CodeIgniter\Debug\Exceptions->errorHandler(8, 'Undefined variable: time', 'APPPATH\\Views\\admin\\notiflist.php', 56, [...])
 2 SYSTEMPATH\View\View.php(213): include('APPPATH\\Views\\admin\\notiflist.php')
 3 SYSTEMPATH\View\View.php(216): CodeIgniter\View\View->CodeIgniter\View\{closure}()
 4 SYSTEMPATH\Common.php(1135): CodeIgniter\View\View->render('admin/notiflist', [], true)
 5 APPPATH\Controllers\Admin.php(42): view('admin/notiflist', [...])
 6 SYSTEMPATH\CodeIgniter.php(898): App\Controllers\Admin->getNotif('ALL')
 7 SYSTEMPATH\CodeIgniter.php(468): CodeIgniter\CodeIgniter->runController(Object(App\Controllers\Admin))
 8 SYSTEMPATH\CodeIgniter.php(351): CodeIgniter\CodeIgniter->handleRequest(null, Object(Config\Cache), false)
 9 FCPATH\index.php(55): CodeIgniter\CodeIgniter->run()
10 SYSTEMPATH\Commands\Server\rewrite.php(43): require_once('FCPATH\\index.php')
CRITICAL - 2022-06-18 16:50:13 --> Undefined variable: time
in APPPATH\Views\admin\notiflist.php on line 56.
 1 APPPATH\Views\admin\notiflist.php(56): CodeIgniter\Debug\Exceptions->errorHandler(8, 'Undefined variable: time', 'APPPATH\\Views\\admin\\notiflist.php', 56, [...])
 2 SYSTEMPATH\View\View.php(213): include('APPPATH\\Views\\admin\\notiflist.php')
 3 SYSTEMPATH\View\View.php(216): CodeIgniter\View\View->CodeIgniter\View\{closure}()
 4 SYSTEMPATH\Common.php(1135): CodeIgniter\View\View->render('admin/notiflist', [], true)
 5 APPPATH\Controllers\Admin.php(42): view('admin/notiflist', [...])
 6 SYSTEMPATH\CodeIgniter.php(898): App\Controllers\Admin->getNotif('ALL')
 7 SYSTEMPATH\CodeIgniter.php(468): CodeIgniter\CodeIgniter->runController(Object(App\Controllers\Admin))
 8 SYSTEMPATH\CodeIgniter.php(351): CodeIgniter\CodeIgniter->handleRequest(null, Object(Config\Cache), false)
 9 FCPATH\index.php(55): CodeIgniter\CodeIgniter->run()
10 SYSTEMPATH\Commands\Server\rewrite.php(43): require_once('FCPATH\\index.php')
CRITICAL - 2022-06-18 16:50:13 --> Undefined variable: time
in APPPATH\Views\admin\notiflist.php on line 56.
 1 APPPATH\Views\admin\notiflist.php(56): CodeIgniter\Debug\Exceptions->errorHandler(8, 'Undefined variable: time', 'APPPATH\\Views\\admin\\notiflist.php', 56, [...])
 2 SYSTEMPATH\View\View.php(213): include('APPPATH\\Views\\admin\\notiflist.php')
 3 SYSTEMPATH\View\View.php(216): CodeIgniter\View\View->CodeIgniter\View\{closure}()
 4 SYSTEMPATH\Common.php(1135): CodeIgniter\View\View->render('admin/notiflist', [], true)
 5 APPPATH\Controllers\Admin.php(42): view('admin/notiflist', [...])
 6 SYSTEMPATH\CodeIgniter.php(898): App\Controllers\Admin->getNotif('ALL')
 7 SYSTEMPATH\CodeIgniter.php(468): CodeIgniter\CodeIgniter->runController(Object(App\Controllers\Admin))
 8 SYSTEMPATH\CodeIgniter.php(351): CodeIgniter\CodeIgniter->handleRequest(null, Object(Config\Cache), false)
 9 FCPATH\index.php(55): CodeIgniter\CodeIgniter->run()
10 SYSTEMPATH\Commands\Server\rewrite.php(43): require_once('FCPATH\\index.php')
CRITICAL - 2022-06-18 19:26:54 --> Call to undefined method CodeIgniter\I18n\Time::toStringFormat()
in APPPATH\Views\admin\notiflist.php on line 1.
 1 SYSTEMPATH\View\View.php(213): include()
 2 SYSTEMPATH\View\View.php(216): CodeIgniter\View\View->CodeIgniter\View\{closure}()
 3 SYSTEMPATH\Common.php(1135): CodeIgniter\View\View->render('admin/notiflist', [], true)
 4 APPPATH\Controllers\Admin.php(50): view('admin/notiflist', [...])
 5 SYSTEMPATH\CodeIgniter.php(898): App\Controllers\Admin->getNotif('ALL')
 6 SYSTEMPATH\CodeIgniter.php(468): CodeIgniter\CodeIgniter->runController(Object(App\Controllers\Admin))
 7 SYSTEMPATH\CodeIgniter.php(351): CodeIgniter\CodeIgniter->handleRequest(null, Object(Config\Cache), false)
 8 FCPATH\index.php(55): CodeIgniter\CodeIgniter->run()
 9 SYSTEMPATH\Commands\Server\rewrite.php(43): require_once('FCPATH\\index.php')
